<?xml version="1.0" encoding="UTF-8"?>
<item><title><![CDATA[Test NewsManager]]></title><date><![CDATA[Sun, 05 May 2013 13:41:23 +0000]]></date><tags><![CDATA[]]></tags><private><![CDATA[]]></private><content><![CDATA[]]></content></item>
